2026-04-20 09:38:52 [dtp-2] ERROR c.m.p.h.handler.impl.EmailHandler - EmailHandler#getAccount fail!java.lang.NullPointerException: Cannot invoke "java.lang.Boolean.booleanValue()" because the return value of "cn.hutool.extra.mail.MailAccount.isAuth()" is null
	at com.mhd.push.handler.handler.impl.EmailHandler.getAccountConfig(EmailHandler.java:83)
	at com.mhd.push.handler.handler.impl.EmailHandler.handler(EmailHandler.java:58)
	at com.mhd.push.handler.handler.BaseHandler.doHandler(BaseHandler.java:59)
	at com.mhd.push.handler.action.SendMessageAction.process(SendMessageAction.java:37)
	at com.mhd.push.common.pipeline.ProcessController.process(ProcessController.java:37)
	at com.mhd.push.handler.pending.Task.run(Task.java:38)
	at org.dromara.dynamictp.core.support.task.runnable.DtpRunnable.run(DtpRunnable.java:51)
	at java.base/java.util.concurrent.ThreadPoolExecutor.runWorker(ThreadPoolExecutor.java:1136)
	at java.base/java.util.concurrent.ThreadPoolExecutor$Worker.run(ThreadPoolExecutor.java:635)
	at java.base/java.lang.Thread.run(Thread.java:840)

2026-04-20 09:38:52 [dtp-1] ERROR c.m.p.h.handler.impl.EmailHandler - EmailHandler#getAccount fail!java.lang.NullPointerException: Cannot invoke "java.lang.Boolean.booleanValue()" because the return value of "cn.hutool.extra.mail.MailAccount.isAuth()" is null
	at com.mhd.push.handler.handler.impl.EmailHandler.getAccountConfig(EmailHandler.java:83)
	at com.mhd.push.handler.handler.impl.EmailHandler.handler(EmailHandler.java:58)
	at com.mhd.push.handler.handler.BaseHandler.doHandler(BaseHandler.java:59)
	at com.mhd.push.handler.action.SendMessageAction.process(SendMessageAction.java:37)
	at com.mhd.push.common.pipeline.ProcessController.process(ProcessController.java:37)
	at com.mhd.push.handler.pending.Task.run(Task.java:38)
	at org.dromara.dynamictp.core.support.task.runnable.DtpRunnable.run(DtpRunnable.java:51)
	at java.base/java.util.concurrent.ThreadPoolExecutor.runWorker(ThreadPoolExecutor.java:1136)
	at java.base/java.util.concurrent.ThreadPoolExecutor$Worker.run(ThreadPoolExecutor.java:635)
	at java.base/java.lang.Thread.run(Thread.java:840)

2026-04-20 09:38:52 [dtp-2] ERROR c.m.p.h.handler.impl.EmailHandler - EmailHandler#handler fail!java.lang.NullPointerException: Cannot invoke "String.indexOf(int)" because "fromAddress" is null
	at cn.hutool.extra.mail.MailAccount.defaultIfEmpty(MailAccount.java:638)
	at cn.hutool.extra.mail.Mail.<init>(Mail.java:120)
	at cn.hutool.extra.mail.Mail.create(Mail.java:92)
	at cn.hutool.extra.mail.MailUtil.send(MailUtil.java:390)
	at cn.hutool.extra.mail.MailUtil.send(MailUtil.java:194)
	at cn.hutool.extra.mail.MailUtil.send(MailUtil.java:176)
	at com.mhd.push.handler.handler.impl.EmailHandler.handler(EmailHandler.java:62)
	at com.mhd.push.handler.handler.BaseHandler.doHandler(BaseHandler.java:59)
	at com.mhd.push.handler.action.SendMessageAction.process(SendMessageAction.java:37)
	at com.mhd.push.common.pipeline.ProcessController.process(ProcessController.java:37)
	at com.mhd.push.handler.pending.Task.run(Task.java:38)
	at org.dromara.dynamictp.core.support.task.runnable.DtpRunnable.run(DtpRunnable.java:51)
	at java.base/java.util.concurrent.ThreadPoolExecutor.runWorker(ThreadPoolExecutor.java:1136)
	at java.base/java.util.concurrent.ThreadPoolExecutor$Worker.run(ThreadPoolExecutor.java:635)
	at java.base/java.lang.Thread.run(Thread.java:840)
,params:TaskInfo(bizId=ORDER-1001-1776649114230, messageId=J8Z4fi43cPxK3LCm942V9, messageTemplateId=2, businessId=2000000220260420, receiver=[2@qq.com], idType=50, sendChannel=40, templateType=20, msgType=10, shieldType=10, contentModel=EmailContentModel(title=S1 ordered notification, content=event=order-success; bizId=ORDER-1001-1776649114230; timestamp=1776649118887, url=null), sendAccount=1, businessOwner=order-center, dlqCallbackUrl=null, orderKey=null)
2026-04-20 09:38:52 [dtp-1] ERROR c.m.p.h.handler.impl.EmailHandler - EmailHandler#handler fail!java.lang.NullPointerException: Cannot invoke "String.indexOf(int)" because "fromAddress" is null
	at cn.hutool.extra.mail.MailAccount.defaultIfEmpty(MailAccount.java:638)
	at cn.hutool.extra.mail.Mail.<init>(Mail.java:120)
	at cn.hutool.extra.mail.Mail.create(Mail.java:92)
	at cn.hutool.extra.mail.MailUtil.send(MailUtil.java:390)
	at cn.hutool.extra.mail.MailUtil.send(MailUtil.java:194)
	at cn.hutool.extra.mail.MailUtil.send(MailUtil.java:176)
	at com.mhd.push.handler.handler.impl.EmailHandler.handler(EmailHandler.java:62)
	at com.mhd.push.handler.handler.BaseHandler.doHandler(BaseHandler.java:59)
	at com.mhd.push.handler.action.SendMessageAction.process(SendMessageAction.java:37)
	at com.mhd.push.common.pipeline.ProcessController.process(ProcessController.java:37)
	at com.mhd.push.handler.pending.Task.run(Task.java:38)
	at org.dromara.dynamictp.core.support.task.runnable.DtpRunnable.run(DtpRunnable.java:51)
	at java.base/java.util.concurrent.ThreadPoolExecutor.runWorker(ThreadPoolExecutor.java:1136)
	at java.base/java.util.concurrent.ThreadPoolExecutor$Worker.run(ThreadPoolExecutor.java:635)
	at java.base/java.lang.Thread.run(Thread.java:840)
,params:TaskInfo(bizId=ORDER-1001-1776649114230, messageId=YnPMeOIe6xlmbmtguIqJ4, messageTemplateId=2, businessId=2000000220260420, receiver=[2@qq.com], idType=50, sendChannel=40, templateType=20, msgType=10, shieldType=10, contentModel=EmailContentModel(title=S1 ordered notification, content=event=cart-success; bizId=ORDER-1001-1776649114230; timestamp=1776649114230, url=null), sendAccount=1, businessOwner=order-center, dlqCallbackUrl=null, orderKey=null)
2026-04-20 09:38:52 [dtp-2] ERROR c.m.p.h.handler.impl.EmailHandler - EmailHandler#getAccount fail!java.lang.NullPointerException: Cannot invoke "java.lang.Boolean.booleanValue()" because the return value of "cn.hutool.extra.mail.MailAccount.isAuth()" is null
	at com.mhd.push.handler.handler.impl.EmailHandler.getAccountConfig(EmailHandler.java:83)
	at com.mhd.push.handler.handler.impl.EmailHandler.handler(EmailHandler.java:58)
	at com.mhd.push.handler.handler.BaseHandler.doHandler(BaseHandler.java:59)
	at com.mhd.push.handler.action.SendMessageAction.process(SendMessageAction.java:37)
	at com.mhd.push.common.pipeline.ProcessController.process(ProcessController.java:37)
	at com.mhd.push.handler.pending.Task.run(Task.java:38)
	at org.dromara.dynamictp.core.support.task.runnable.DtpRunnable.run(DtpRunnable.java:51)
	at java.base/java.util.concurrent.ThreadPoolExecutor.runWorker(ThreadPoolExecutor.java:1136)
	at java.base/java.util.concurrent.ThreadPoolExecutor$Worker.run(ThreadPoolExecutor.java:635)
	at java.base/java.lang.Thread.run(Thread.java:840)

2026-04-20 09:38:52 [dtp-2] ERROR c.m.p.h.handler.impl.EmailHandler - EmailHandler#handler fail!java.lang.NullPointerException: Cannot invoke "String.indexOf(int)" because "fromAddress" is null
	at cn.hutool.extra.mail.MailAccount.defaultIfEmpty(MailAccount.java:638)
	at cn.hutool.extra.mail.Mail.<init>(Mail.java:120)
	at cn.hutool.extra.mail.Mail.create(Mail.java:92)
	at cn.hutool.extra.mail.MailUtil.send(MailUtil.java:390)
	at cn.hutool.extra.mail.MailUtil.send(MailUtil.java:194)
	at cn.hutool.extra.mail.MailUtil.send(MailUtil.java:176)
	at com.mhd.push.handler.handler.impl.EmailHandler.handler(EmailHandler.java:62)
	at com.mhd.push.handler.handler.BaseHandler.doHandler(BaseHandler.java:59)
	at com.mhd.push.handler.action.SendMessageAction.process(SendMessageAction.java:37)
	at com.mhd.push.common.pipeline.ProcessController.process(ProcessController.java:37)
	at com.mhd.push.handler.pending.Task.run(Task.java:38)
	at org.dromara.dynamictp.core.support.task.runnable.DtpRunnable.run(DtpRunnable.java:51)
	at java.base/java.util.concurrent.ThreadPoolExecutor.runWorker(ThreadPoolExecutor.java:1136)
	at java.base/java.util.concurrent.ThreadPoolExecutor$Worker.run(ThreadPoolExecutor.java:635)
	at java.base/java.lang.Thread.run(Thread.java:840)
,params:TaskInfo(bizId=ORDER-1001-1776649114230, messageId=Qn8fhXigKZAzBNrgCvEt3, messageTemplateId=2, businessId=2000000220260420, receiver=[2@qq.com], idType=50, sendChannel=40, templateType=20, msgType=10, shieldType=10, contentModel=EmailContentModel(title=S1 ordered notification, content=event=receive-success; bizId=ORDER-1001-1776649114230; timestamp=1776649119062, url=null), sendAccount=1, businessOwner=order-center, dlqCallbackUrl=null, orderKey=null)
2026-04-20 09:38:52 [dtp-1] ERROR c.m.p.h.handler.impl.EmailHandler - EmailHandler#getAccount fail!java.lang.NullPointerException: Cannot invoke "java.lang.Boolean.booleanValue()" because the return value of "cn.hutool.extra.mail.MailAccount.isAuth()" is null
	at com.mhd.push.handler.handler.impl.EmailHandler.getAccountConfig(EmailHandler.java:83)
	at com.mhd.push.handler.handler.impl.EmailHandler.handler(EmailHandler.java:58)
	at com.mhd.push.handler.handler.BaseHandler.doHandler(BaseHandler.java:59)
	at com.mhd.push.handler.action.SendMessageAction.process(SendMessageAction.java:37)
	at com.mhd.push.common.pipeline.ProcessController.process(ProcessController.java:37)
	at com.mhd.push.handler.pending.Task.run(Task.java:38)
	at org.dromara.dynamictp.core.support.task.runnable.DtpRunnable.run(DtpRunnable.java:51)
	at java.base/java.util.concurrent.ThreadPoolExecutor.runWorker(ThreadPoolExecutor.java:1136)
	at java.base/java.util.concurrent.ThreadPoolExecutor$Worker.run(ThreadPoolExecutor.java:635)
	at java.base/java.lang.Thread.run(Thread.java:840)

2026-04-20 09:38:52 [dtp-1] ERROR c.m.p.h.handler.impl.EmailHandler - EmailHandler#handler fail!java.lang.NullPointerException: Cannot invoke "String.indexOf(int)" because "fromAddress" is null
	at cn.hutool.extra.mail.MailAccount.defaultIfEmpty(MailAccount.java:638)
	at cn.hutool.extra.mail.Mail.<init>(Mail.java:120)
	at cn.hutool.extra.mail.Mail.create(Mail.java:92)
	at cn.hutool.extra.mail.MailUtil.send(MailUtil.java:390)
	at cn.hutool.extra.mail.MailUtil.send(MailUtil.java:194)
	at cn.hutool.extra.mail.MailUtil.send(MailUtil.java:176)
	at com.mhd.push.handler.handler.impl.EmailHandler.handler(EmailHandler.java:62)
	at com.mhd.push.handler.handler.BaseHandler.doHandler(BaseHandler.java:59)
	at com.mhd.push.handler.action.SendMessageAction.process(SendMessageAction.java:37)
	at com.mhd.push.common.pipeline.ProcessController.process(ProcessController.java:37)
	at com.mhd.push.handler.pending.Task.run(Task.java:38)
	at org.dromara.dynamictp.core.support.task.runnable.DtpRunnable.run(DtpRunnable.java:51)
	at java.base/java.util.concurrent.ThreadPoolExecutor.runWorker(ThreadPoolExecutor.java:1136)
	at java.base/java.util.concurrent.ThreadPoolExecutor$Worker.run(ThreadPoolExecutor.java:635)
	at java.base/java.lang.Thread.run(Thread.java:840)
,params:TaskInfo(bizId=ORDER-1001-1776649114230, messageId=MObcC_GaA1pzsF9dKMMYM, messageTemplateId=2, businessId=2000000220260420, receiver=[2@qq.com], idType=50, sendChannel=40, templateType=20, msgType=10, shieldType=10, contentModel=EmailContentModel(title=S1 ordered notification, content=event=delivery-success; bizId=ORDER-1001-1776649114230; timestamp=1776649119050, url=null), sendAccount=1, businessOwner=order-center, dlqCallbackUrl=null, orderKey=null)
2026-04-20 09:47:03 [dtp-1] ERROR c.m.p.h.handler.impl.EmailHandler - EmailHandler#getAccount fail!java.lang.NullPointerException: Cannot invoke "java.lang.Boolean.booleanValue()" because the return value of "cn.hutool.extra.mail.MailAccount.isAuth()" is null
	at com.mhd.push.handler.handler.impl.EmailHandler.getAccountConfig(EmailHandler.java:83)
	at com.mhd.push.handler.handler.impl.EmailHandler.handler(EmailHandler.java:58)
	at com.mhd.push.handler.handler.BaseHandler.doHandler(BaseHandler.java:59)
	at com.mhd.push.handler.action.SendMessageAction.process(SendMessageAction.java:37)
	at com.mhd.push.common.pipeline.ProcessController.process(ProcessController.java:37)
	at com.mhd.push.handler.pending.Task.run(Task.java:38)
	at org.dromara.dynamictp.core.support.task.runnable.DtpRunnable.run(DtpRunnable.java:51)
	at java.base/java.util.concurrent.ThreadPoolExecutor.runWorker(ThreadPoolExecutor.java:1136)
	at java.base/java.util.concurrent.ThreadPoolExecutor$Worker.run(ThreadPoolExecutor.java:635)
	at java.base/java.lang.Thread.run(Thread.java:840)

2026-04-20 09:47:03 [dtp-1] ERROR c.m.p.h.handler.impl.EmailHandler - EmailHandler#handler fail!java.lang.NullPointerException: Cannot invoke "String.indexOf(int)" because "fromAddress" is null
	at cn.hutool.extra.mail.MailAccount.defaultIfEmpty(MailAccount.java:638)
	at cn.hutool.extra.mail.Mail.<init>(Mail.java:120)
	at cn.hutool.extra.mail.Mail.create(Mail.java:92)
	at cn.hutool.extra.mail.MailUtil.send(MailUtil.java:390)
	at cn.hutool.extra.mail.MailUtil.send(MailUtil.java:194)
	at cn.hutool.extra.mail.MailUtil.send(MailUtil.java:176)
	at com.mhd.push.handler.handler.impl.EmailHandler.handler(EmailHandler.java:62)
	at com.mhd.push.handler.handler.BaseHandler.doHandler(BaseHandler.java:59)
	at com.mhd.push.handler.action.SendMessageAction.process(SendMessageAction.java:37)
	at com.mhd.push.common.pipeline.ProcessController.process(ProcessController.java:37)
	at com.mhd.push.handler.pending.Task.run(Task.java:38)
	at org.dromara.dynamictp.core.support.task.runnable.DtpRunnable.run(DtpRunnable.java:51)
	at java.base/java.util.concurrent.ThreadPoolExecutor.runWorker(ThreadPoolExecutor.java:1136)
	at java.base/java.util.concurrent.ThreadPoolExecutor$Worker.run(ThreadPoolExecutor.java:635)
	at java.base/java.lang.Thread.run(Thread.java:840)
,params:TaskInfo(bizId=ORDER-1001-1776649492215, messageId=rtQuhUc4__qzfw_Ql2uCx, messageTemplateId=2, businessId=2000000220260420, receiver=[2@qq.com], idType=50, sendChannel=40, templateType=20, msgType=10, shieldType=10, contentModel=EmailContentModel(title=S1 ordered notification, content=event=order-success; bizId=ORDER-1001-1776649492215; timestamp=1776649492225, url=null), sendAccount=1, businessOwner=order-center, dlqCallbackUrl=null, orderKey=null)
2026-04-20 09:47:03 [dtp-2] ERROR c.m.p.h.handler.impl.EmailHandler - EmailHandler#getAccount fail!java.lang.NullPointerException: Cannot invoke "java.lang.Boolean.booleanValue()" because the return value of "cn.hutool.extra.mail.MailAccount.isAuth()" is null
	at com.mhd.push.handler.handler.impl.EmailHandler.getAccountConfig(EmailHandler.java:83)
	at com.mhd.push.handler.handler.impl.EmailHandler.handler(EmailHandler.java:58)
	at com.mhd.push.handler.handler.BaseHandler.doHandler(BaseHandler.java:59)
	at com.mhd.push.handler.action.SendMessageAction.process(SendMessageAction.java:37)
	at com.mhd.push.common.pipeline.ProcessController.process(ProcessController.java:37)
	at com.mhd.push.handler.pending.Task.run(Task.java:38)
	at org.dromara.dynamictp.core.support.task.runnable.DtpRunnable.run(DtpRunnable.java:51)
	at java.base/java.util.concurrent.ThreadPoolExecutor.runWorker(ThreadPoolExecutor.java:1136)
	at java.base/java.util.concurrent.ThreadPoolExecutor$Worker.run(ThreadPoolExecutor.java:635)
	at java.base/java.lang.Thread.run(Thread.java:840)

2026-04-20 09:47:03 [dtp-2] ERROR c.m.p.h.handler.impl.EmailHandler - EmailHandler#handler fail!java.lang.NullPointerException: Cannot invoke "String.indexOf(int)" because "fromAddress" is null
	at cn.hutool.extra.mail.MailAccount.defaultIfEmpty(MailAccount.java:638)
	at cn.hutool.extra.mail.Mail.<init>(Mail.java:120)
	at cn.hutool.extra.mail.Mail.create(Mail.java:92)
	at cn.hutool.extra.mail.MailUtil.send(MailUtil.java:390)
	at cn.hutool.extra.mail.MailUtil.send(MailUtil.java:194)
	at cn.hutool.extra.mail.MailUtil.send(MailUtil.java:176)
	at com.mhd.push.handler.handler.impl.EmailHandler.handler(EmailHandler.java:62)
	at com.mhd.push.handler.handler.BaseHandler.doHandler(BaseHandler.java:59)
	at com.mhd.push.handler.action.SendMessageAction.process(SendMessageAction.java:37)
	at com.mhd.push.common.pipeline.ProcessController.process(ProcessController.java:37)
	at com.mhd.push.handler.pending.Task.run(Task.java:38)
	at org.dromara.dynamictp.core.support.task.runnable.DtpRunnable.run(DtpRunnable.java:51)
	at java.base/java.util.concurrent.ThreadPoolExecutor.runWorker(ThreadPoolExecutor.java:1136)
	at java.base/java.util.concurrent.ThreadPoolExecutor$Worker.run(ThreadPoolExecutor.java:635)
	at java.base/java.lang.Thread.run(Thread.java:840)
,params:TaskInfo(bizId=ORDER-1001-1776649492215, messageId=jqayR5VNeT9R0XeorNjGR, messageTemplateId=2, businessId=2000000220260420, receiver=[2@qq.com], idType=50, sendChannel=40, templateType=20, msgType=10, shieldType=10, contentModel=EmailContentModel(title=S1 ordered notification, content=event=cart-success; bizId=ORDER-1001-1776649492215; timestamp=1776649492215, url=null), sendAccount=1, businessOwner=order-center, dlqCallbackUrl=null, orderKey=null)
2026-04-20 09:47:04 [dtp-1] ERROR c.m.p.h.handler.impl.EmailHandler - EmailHandler#getAccount fail!java.lang.NullPointerException: Cannot invoke "java.lang.Boolean.booleanValue()" because the return value of "cn.hutool.extra.mail.MailAccount.isAuth()" is null
	at com.mhd.push.handler.handler.impl.EmailHandler.getAccountConfig(EmailHandler.java:83)
	at com.mhd.push.handler.handler.impl.EmailHandler.handler(EmailHandler.java:58)
	at com.mhd.push.handler.handler.BaseHandler.doHandler(BaseHandler.java:59)
	at com.mhd.push.handler.action.SendMessageAction.process(SendMessageAction.java:37)
	at com.mhd.push.common.pipeline.ProcessController.process(ProcessController.java:37)
	at com.mhd.push.handler.pending.Task.run(Task.java:38)
	at org.dromara.dynamictp.core.support.task.runnable.DtpRunnable.run(DtpRunnable.java:51)
	at java.base/java.util.concurrent.ThreadPoolExecutor.runWorker(ThreadPoolExecutor.java:1136)
	at java.base/java.util.concurrent.ThreadPoolExecutor$Worker.run(ThreadPoolExecutor.java:635)
	at java.base/java.lang.Thread.run(Thread.java:840)

2026-04-20 09:47:04 [dtp-1] ERROR c.m.p.h.handler.impl.EmailHandler - EmailHandler#handler fail!java.lang.NullPointerException: Cannot invoke "String.indexOf(int)" because "fromAddress" is null
	at cn.hutool.extra.mail.MailAccount.defaultIfEmpty(MailAccount.java:638)
	at cn.hutool.extra.mail.Mail.<init>(Mail.java:120)
	at cn.hutool.extra.mail.Mail.create(Mail.java:92)
	at cn.hutool.extra.mail.MailUtil.send(MailUtil.java:390)
	at cn.hutool.extra.mail.MailUtil.send(MailUtil.java:194)
	at cn.hutool.extra.mail.MailUtil.send(MailUtil.java:176)
	at com.mhd.push.handler.handler.impl.EmailHandler.handler(EmailHandler.java:62)
	at com.mhd.push.handler.handler.BaseHandler.doHandler(BaseHandler.java:59)
	at com.mhd.push.handler.action.SendMessageAction.process(SendMessageAction.java:37)
	at com.mhd.push.common.pipeline.ProcessController.process(ProcessController.java:37)
	at com.mhd.push.handler.pending.Task.run(Task.java:38)
	at org.dromara.dynamictp.core.support.task.runnable.DtpRunnable.run(DtpRunnable.java:51)
	at java.base/java.util.concurrent.ThreadPoolExecutor.runWorker(ThreadPoolExecutor.java:1136)
	at java.base/java.util.concurrent.ThreadPoolExecutor$Worker.run(ThreadPoolExecutor.java:635)
	at java.base/java.lang.Thread.run(Thread.java:840)
,params:TaskInfo(bizId=ORDER-1001-1776649492215, messageId=PbUpHYcQrYdys48rxoh7q, messageTemplateId=2, businessId=2000000220260420, receiver=[2@qq.com], idType=50, sendChannel=40, templateType=20, msgType=10, shieldType=10, contentModel=EmailContentModel(title=S1 ordered notification, content=event=delivery-success; bizId=ORDER-1001-1776649492215; timestamp=1776649492235, url=null), sendAccount=1, businessOwner=order-center, dlqCallbackUrl=null, orderKey=null)
2026-04-20 10:09:57 [dtp-1] ERROR c.m.p.h.handler.impl.EmailHandler - EmailHandler#handler fail!cn.hutool.extra.mail.MailException: MessagingException: Exception reading response
	at cn.hutool.extra.mail.Mail.send(Mail.java:397)
	at cn.hutool.extra.mail.MailUtil.send(MailUtil.java:416)
	at cn.hutool.extra.mail.MailUtil.send(MailUtil.java:194)
	at cn.hutool.extra.mail.MailUtil.send(MailUtil.java:176)
	at com.mhd.push.handler.handler.impl.EmailHandler.handler(EmailHandler.java:62)
	at com.mhd.push.handler.handler.BaseHandler.doHandler(BaseHandler.java:59)
	at com.mhd.push.handler.action.SendMessageAction.process(SendMessageAction.java:37)
	at com.mhd.push.common.pipeline.ProcessController.process(ProcessController.java:37)
	at com.mhd.push.handler.pending.Task.run(Task.java:38)
	at org.dromara.dynamictp.core.support.task.runnable.DtpRunnable.run(DtpRunnable.java:51)
	at java.base/java.util.concurrent.ThreadPoolExecutor.runWorker(ThreadPoolExecutor.java:1136)
	at java.base/java.util.concurrent.ThreadPoolExecutor$Worker.run(ThreadPoolExecutor.java:635)
	at java.base/java.lang.Thread.run(Thread.java:840)
Caused by: javax.mail.MessagingException: Exception reading response;
  nested exception is:
	javax.net.ssl.SSLException: Unsupported or unrecognized SSL message
	at com.sun.mail.smtp.SMTPTransport.readServerResponse(SMTPTransport.java:1462)
	at com.sun.mail.smtp.SMTPTransport.openServer(SMTPTransport.java:1260)
	at com.sun.mail.smtp.SMTPTransport.protocolConnect(SMTPTransport.java:370)
	at javax.mail.Service.connect(Service.java:297)
	at javax.mail.Service.connect(Service.java:156)
	at javax.mail.Service.connect(Service.java:105)
	at javax.mail.Transport.send0(Transport.java:168)
	at javax.mail.Transport.send(Transport.java:98)
	at cn.hutool.extra.mail.Mail.doSend(Mail.java:411)
	at cn.hutool.extra.mail.Mail.send(Mail.java:389)
	... 12 more
Caused by: javax.net.ssl.SSLException: Unsupported or unrecognized SSL message
	at java.base/sun.security.ssl.SSLSocketInputRecord.handleUnknownRecord(SSLSocketInputRecord.java:457)
	at java.base/sun.security.ssl.SSLSocketInputRecord.decode(SSLSocketInputRecord.java:175)
	at java.base/sun.security.ssl.SSLTransport.decode(SSLTransport.java:111)
	at java.base/sun.security.ssl.SSLSocketImpl.decode(SSLSocketImpl.java:1510)
	at java.base/sun.security.ssl.SSLSocketImpl.readHandshakeRecord(SSLSocketImpl.java:1425)
	at java.base/sun.security.ssl.SSLSocketImpl.startHandshake(SSLSocketImpl.java:455)
	at java.base/sun.security.ssl.SSLSocketImpl.ensureNegotiated(SSLSocketImpl.java:925)
	at java.base/sun.security.ssl.SSLSocketImpl$AppInputStream.read(SSLSocketImpl.java:1016)
	at com.sun.mail.util.TraceInputStream.read(TraceInputStream.java:97)
	at java.base/java.io.BufferedInputStream.fill(BufferedInputStream.java:244)
	at java.base/java.io.BufferedInputStream.read(BufferedInputStream.java:263)
	at com.sun.mail.util.LineInputStream.readLine(LineInputStream.java:75)
	at com.sun.mail.smtp.SMTPTransport.readServerResponse(SMTPTransport.java:1440)
	... 21 more
,params:TaskInfo(bizId=ORDER-1001-1776650996013, messageId=5fnsqIMomzYs6sOAF7j1U, messageTemplateId=2, businessId=2000000220260420, receiver=[2@qq.com], idType=50, sendChannel=40, templateType=20, msgType=10, shieldType=10, contentModel=EmailContentModel(title=S1 ordered notification, content=event=cart-success; bizId=ORDER-1001-1776650996013; timestamp=1776650996013, url=null), sendAccount=2, businessOwner=order-center, dlqCallbackUrl=null, orderKey=null)
2026-04-20 10:09:57 [dtp-2] ERROR c.m.p.h.handler.impl.EmailHandler - EmailHandler#handler fail!cn.hutool.extra.mail.MailException: MessagingException: Exception reading response
	at cn.hutool.extra.mail.Mail.send(Mail.java:397)
	at cn.hutool.extra.mail.MailUtil.send(MailUtil.java:416)
	at cn.hutool.extra.mail.MailUtil.send(MailUtil.java:194)
	at cn.hutool.extra.mail.MailUtil.send(MailUtil.java:176)
	at com.mhd.push.handler.handler.impl.EmailHandler.handler(EmailHandler.java:62)
	at com.mhd.push.handler.handler.BaseHandler.doHandler(BaseHandler.java:59)
	at com.mhd.push.handler.action.SendMessageAction.process(SendMessageAction.java:37)
	at com.mhd.push.common.pipeline.ProcessController.process(ProcessController.java:37)
	at com.mhd.push.handler.pending.Task.run(Task.java:38)
	at org.dromara.dynamictp.core.support.task.runnable.DtpRunnable.run(DtpRunnable.java:51)
	at java.base/java.util.concurrent.ThreadPoolExecutor.runWorker(ThreadPoolExecutor.java:1136)
	at java.base/java.util.concurrent.ThreadPoolExecutor$Worker.run(ThreadPoolExecutor.java:635)
	at java.base/java.lang.Thread.run(Thread.java:840)
Caused by: javax.mail.MessagingException: Exception reading response;
  nested exception is:
	javax.net.ssl.SSLException: Unsupported or unrecognized SSL message
	at com.sun.mail.smtp.SMTPTransport.readServerResponse(SMTPTransport.java:1462)
	at com.sun.mail.smtp.SMTPTransport.openServer(SMTPTransport.java:1260)
	at com.sun.mail.smtp.SMTPTransport.protocolConnect(SMTPTransport.java:370)
	at javax.mail.Service.connect(Service.java:297)
	at javax.mail.Service.connect(Service.java:156)
	at javax.mail.Service.connect(Service.java:105)
	at javax.mail.Transport.send0(Transport.java:168)
	at javax.mail.Transport.send(Transport.java:98)
	at cn.hutool.extra.mail.Mail.doSend(Mail.java:411)
	at cn.hutool.extra.mail.Mail.send(Mail.java:389)
	... 12 more
Caused by: javax.net.ssl.SSLException: Unsupported or unrecognized SSL message
	at java.base/sun.security.ssl.SSLSocketInputRecord.handleUnknownRecord(SSLSocketInputRecord.java:457)
	at java.base/sun.security.ssl.SSLSocketInputRecord.decode(SSLSocketInputRecord.java:175)
	at java.base/sun.security.ssl.SSLTransport.decode(SSLTransport.java:111)
	at java.base/sun.security.ssl.SSLSocketImpl.decode(SSLSocketImpl.java:1510)
	at java.base/sun.security.ssl.SSLSocketImpl.readHandshakeRecord(SSLSocketImpl.java:1425)
	at java.base/sun.security.ssl.SSLSocketImpl.startHandshake(SSLSocketImpl.java:455)
	at java.base/sun.security.ssl.SSLSocketImpl.ensureNegotiated(SSLSocketImpl.java:925)
	at java.base/sun.security.ssl.SSLSocketImpl$AppInputStream.read(SSLSocketImpl.java:1016)
	at com.sun.mail.util.TraceInputStream.read(TraceInputStream.java:97)
	at java.base/java.io.BufferedInputStream.fill(BufferedInputStream.java:244)
	at java.base/java.io.BufferedInputStream.read(BufferedInputStream.java:263)
	at com.sun.mail.util.LineInputStream.readLine(LineInputStream.java:75)
	at com.sun.mail.smtp.SMTPTransport.readServerResponse(SMTPTransport.java:1440)
	... 21 more
,params:TaskInfo(bizId=ORDER-1001-1776650996013, messageId=G8DmDb8B0364jLipo4VeX, messageTemplateId=2, businessId=2000000220260420, receiver=[2@qq.com], idType=50, sendChannel=40, templateType=20, msgType=10, shieldType=10, contentModel=EmailContentModel(title=S1 ordered notification, content=event=order-success; bizId=ORDER-1001-1776650996013; timestamp=1776650996731, url=null), sendAccount=2, businessOwner=order-center, dlqCallbackUrl=null, orderKey=null)
2026-04-20 10:09:58 [dtp-1] ERROR c.m.p.h.handler.impl.EmailHandler - EmailHandler#handler fail!cn.hutool.extra.mail.MailException: MessagingException: Exception reading response
	at cn.hutool.extra.mail.Mail.send(Mail.java:397)
	at cn.hutool.extra.mail.MailUtil.send(MailUtil.java:416)
	at cn.hutool.extra.mail.MailUtil.send(MailUtil.java:194)
	at cn.hutool.extra.mail.MailUtil.send(MailUtil.java:176)
	at com.mhd.push.handler.handler.impl.EmailHandler.handler(EmailHandler.java:62)
	at com.mhd.push.handler.handler.BaseHandler.doHandler(BaseHandler.java:59)
	at com.mhd.push.handler.action.SendMessageAction.process(SendMessageAction.java:37)
	at com.mhd.push.common.pipeline.ProcessController.process(ProcessController.java:37)
	at com.mhd.push.handler.pending.Task.run(Task.java:38)
	at org.dromara.dynamictp.core.support.task.runnable.DtpRunnable.run(DtpRunnable.java:51)
	at java.base/java.util.concurrent.ThreadPoolExecutor.runWorker(ThreadPoolExecutor.java:1136)
	at java.base/java.util.concurrent.ThreadPoolExecutor$Worker.run(ThreadPoolExecutor.java:635)
	at java.base/java.lang.Thread.run(Thread.java:840)
Caused by: javax.mail.MessagingException: Exception reading response;
  nested exception is:
	javax.net.ssl.SSLException: Unsupported or unrecognized SSL message
	at com.sun.mail.smtp.SMTPTransport.readServerResponse(SMTPTransport.java:1462)
	at com.sun.mail.smtp.SMTPTransport.openServer(SMTPTransport.java:1260)
	at com.sun.mail.smtp.SMTPTransport.protocolConnect(SMTPTransport.java:370)
	at javax.mail.Service.connect(Service.java:297)
	at javax.mail.Service.connect(Service.java:156)
	at javax.mail.Service.connect(Service.java:105)
	at javax.mail.Transport.send0(Transport.java:168)
	at javax.mail.Transport.send(Transport.java:98)
	at cn.hutool.extra.mail.Mail.doSend(Mail.java:411)
	at cn.hutool.extra.mail.Mail.send(Mail.java:389)
	... 12 more
Caused by: javax.net.ssl.SSLException: Unsupported or unrecognized SSL message
	at java.base/sun.security.ssl.SSLSocketInputRecord.handleUnknownRecord(SSLSocketInputRecord.java:457)
	at java.base/sun.security.ssl.SSLSocketInputRecord.decode(SSLSocketInputRecord.java:175)
	at java.base/sun.security.ssl.SSLTransport.decode(SSLTransport.java:111)
	at java.base/sun.security.ssl.SSLSocketImpl.decode(SSLSocketImpl.java:1510)
	at java.base/sun.security.ssl.SSLSocketImpl.readHandshakeRecord(SSLSocketImpl.java:1425)
	at java.base/sun.security.ssl.SSLSocketImpl.startHandshake(SSLSocketImpl.java:455)
	at java.base/sun.security.ssl.SSLSocketImpl.ensureNegotiated(SSLSocketImpl.java:925)
	at java.base/sun.security.ssl.SSLSocketImpl$AppInputStream.read(SSLSocketImpl.java:1016)
	at com.sun.mail.util.TraceInputStream.read(TraceInputStream.java:97)
	at java.base/java.io.BufferedInputStream.fill(BufferedInputStream.java:244)
	at java.base/java.io.BufferedInputStream.read(BufferedInputStream.java:263)
	at com.sun.mail.util.LineInputStream.readLine(LineInputStream.java:75)
	at com.sun.mail.smtp.SMTPTransport.readServerResponse(SMTPTransport.java:1440)
	... 21 more
,params:TaskInfo(bizId=ORDER-1001-1776650996013, messageId=lw_EkBmnpASyClhjMaBbz, messageTemplateId=2, businessId=2000000220260420, receiver=[2@qq.com], idType=50, sendChannel=40, templateType=20, msgType=10, shieldType=10, contentModel=EmailContentModel(title=S1 ordered notification, content=event=delivery-success; bizId=ORDER-1001-1776650996013; timestamp=1776650996743, url=null), sendAccount=2, businessOwner=order-center, dlqCallbackUrl=null, orderKey=null)
2026-04-20 10:09:59 [dtp-2] ERROR c.m.p.h.handler.impl.EmailHandler - EmailHandler#handler fail!cn.hutool.extra.mail.MailException: MessagingException: Exception reading response
	at cn.hutool.extra.mail.Mail.send(Mail.java:397)
	at cn.hutool.extra.mail.MailUtil.send(MailUtil.java:416)
	at cn.hutool.extra.mail.MailUtil.send(MailUtil.java:194)
	at cn.hutool.extra.mail.MailUtil.send(MailUtil.java:176)
	at com.mhd.push.handler.handler.impl.EmailHandler.handler(EmailHandler.java:62)
	at com.mhd.push.handler.handler.BaseHandler.doHandler(BaseHandler.java:59)
	at com.mhd.push.handler.action.SendMessageAction.process(SendMessageAction.java:37)
	at com.mhd.push.common.pipeline.ProcessController.process(ProcessController.java:37)
	at com.mhd.push.handler.pending.Task.run(Task.java:38)
	at org.dromara.dynamictp.core.support.task.runnable.DtpRunnable.run(DtpRunnable.java:51)
	at java.base/java.util.concurrent.ThreadPoolExecutor.runWorker(ThreadPoolExecutor.java:1136)
	at java.base/java.util.concurrent.ThreadPoolExecutor$Worker.run(ThreadPoolExecutor.java:635)
	at java.base/java.lang.Thread.run(Thread.java:840)
Caused by: javax.mail.MessagingException: Exception reading response;
  nested exception is:
	javax.net.ssl.SSLException: Unsupported or unrecognized SSL message
	at com.sun.mail.smtp.SMTPTransport.readServerResponse(SMTPTransport.java:1462)
	at com.sun.mail.smtp.SMTPTransport.openServer(SMTPTransport.java:1260)
	at com.sun.mail.smtp.SMTPTransport.protocolConnect(SMTPTransport.java:370)
	at javax.mail.Service.connect(Service.java:297)
	at javax.mail.Service.connect(Service.java:156)
	at javax.mail.Service.connect(Service.java:105)
	at javax.mail.Transport.send0(Transport.java:168)
	at javax.mail.Transport.send(Transport.java:98)
	at cn.hutool.extra.mail.Mail.doSend(Mail.java:411)
	at cn.hutool.extra.mail.Mail.send(Mail.java:389)
	... 12 more
Caused by: javax.net.ssl.SSLException: Unsupported or unrecognized SSL message
	at java.base/sun.security.ssl.SSLSocketInputRecord.handleUnknownRecord(SSLSocketInputRecord.java:457)
	at java.base/sun.security.ssl.SSLSocketInputRecord.decode(SSLSocketInputRecord.java:175)
	at java.base/sun.security.ssl.SSLTransport.decode(SSLTransport.java:111)
	at java.base/sun.security.ssl.SSLSocketImpl.decode(SSLSocketImpl.java:1510)
	at java.base/sun.security.ssl.SSLSocketImpl.readHandshakeRecord(SSLSocketImpl.java:1425)
	at java.base/sun.security.ssl.SSLSocketImpl.startHandshake(SSLSocketImpl.java:455)
	at java.base/sun.security.ssl.SSLSocketImpl.ensureNegotiated(SSLSocketImpl.java:925)
	at java.base/sun.security.ssl.SSLSocketImpl$AppInputStream.read(SSLSocketImpl.java:1016)
	at com.sun.mail.util.TraceInputStream.read(TraceInputStream.java:97)
	at java.base/java.io.BufferedInputStream.fill(BufferedInputStream.java:244)
	at java.base/java.io.BufferedInputStream.read(BufferedInputStream.java:263)
	at com.sun.mail.util.LineInputStream.readLine(LineInputStream.java:75)
	at com.sun.mail.smtp.SMTPTransport.readServerResponse(SMTPTransport.java:1440)
	... 21 more
,params:TaskInfo(bizId=ORDER-1001-1776650996013, messageId=Sn1SgQgkFu-J6sBjLY7iP, messageTemplateId=2, businessId=2000000220260420, receiver=[2@qq.com], idType=50, sendChannel=40, templateType=20, msgType=10, shieldType=10, contentModel=EmailContentModel(title=S1 ordered notification, content=event=receive-success; bizId=ORDER-1001-1776650996013; timestamp=1776650996772, url=null), sendAccount=2, businessOwner=order-center, dlqCallbackUrl=null, orderKey=null)
